<?xml version="1.0" encoding="UTF-8"?>
<testng-results ignored="0" total="1" passed="1" failed="0" skipped="0">
  <reporter-output>
  </reporter-output>
  <suite started-at="2020-01-06T14:46:14 IST" name="Default suite" finished-at="2020-01-06T14:46:29 IST" duration-ms="15004">
    <groups>
    </groups>
    <test started-at="2020-01-06T14:46:14 IST" name="Default test" finished-at="2020-01-06T14:46:29 IST" duration-ms="15004">
      <class name="testCases.LoginWithEmail">
        <test-method is-config="true" signature="init()[pri:0, instance:testCases.LoginWithEmail@1817d444]" started-at="2020-01-06T14:46:14 IST" name="init" finished-at="2020-01-06T14:46:22 IST" duration-ms="8532" status="PASS">
          <reporter-output>
          </reporter-output>
        </test-method> <!-- init -->
        <test-method signature="main()[pri:0, instance:testCases.LoginWithEmail@1817d444]" started-at="2020-01-06T14:46:22 IST" name="main" finished-at="2020-01-06T14:46:29 IST" duration-ms="6205" status="PASS">
          <reporter-output>
          </reporter-output>
        </test-method> <!-- main -->
        <test-method is-config="true" signature="End()[pri:0, instance:testCases.LoginWithEmail@1817d444]" started-at="2020-01-06T14:46:29 IST" name="End" finished-at="2020-01-06T14:46:29 IST" duration-ms="228" status="PASS">
          <reporter-output>
          </reporter-output>
        </test-method> <!-- End -->
      </class> <!-- testCases.LoginWithEmail -->
    </test> <!-- Default test -->
  </suite> <!-- Default suite -->
</testng-results>
